[  0%] Built target roscpp_generate_messages_py
[  0%] Built target nodelet_generate_messages_eus
[  0%] Built target roscpp_generate_messages_nodejs
[  0%] Built target roscpp_generate_messages_eus
[ 14%] Built target rosgraph_msgs_generate_messages_py
[ 14%] Built target davis_ros_driver_gencfg
[ 14%] Built target roscpp_generate_messages_lisp
[ 14%] Built target rosgraph_msgs_generate_messages_eus
[ 14%] Built target std_msgs_generate_messages_cpp
[ 14%] Built target rosgraph_msgs_generate_messages_nodejs
[ 14%] Built target std_msgs_generate_messages_eus
[ 14%] Built target rosgraph_msgs_generate_messages_lisp
[ 14%] Built target roscpp_generate_messages_cpp
[ 14%] Built target rosgraph_msgs_generate_messages_cpp
[ 14%] Built target std_msgs_generate_messages_lisp
[ 14%] Built target std_msgs_generate_messages_nodejs
[ 14%] Built target dvs_msgs_generate_messages_nodejs
[ 14%] Built target dvs_msgs_generate_messages_cpp
[ 14%] Built target dvs_msgs_generate_messages_eus
[ 14%] Built target nodelet_generate_messages_lisp
[ 14%] Built target dvs_msgs_generate_messages_lisp
[ 14%] Built target nodelet_generate_messages_py
[ 14%] Built target std_msgs_generate_messages_py
[ 14%] Built target bond_generate_messages_lisp
[ 14%] Built target bond_generate_messages_eus
[ 14%] Built target bond_generate_messages_cpp
[ 14%] Built target nodelet_generate_messages_nodejs
[ 14%] Built target bond_generate_messages_nodejs
[ 14%] Built target sensor_msgs_generate_messages_lisp
[ 14%] Built target sensor_msgs_generate_messages_cpp
[ 14%] Built target sensor_msgs_generate_messages_eus
[ 14%] Built target sensor_msgs_generate_messages_py
[ 14%] Built target sensor_msgs_generate_messages_nodejs
[ 14%] Built target geometry_msgs_generate_messages_cpp
[ 14%] Built target geometry_msgs_generate_messages_lisp
[ 14%] Built target dynamic_reconfigure_generate_messages_cpp
[ 14%] Built target dvs_msgs_generate_messages_py
[ 14%] Built target geometry_msgs_generate_messages_py
[ 14%] Built target dynamic_reconfigure_generate_messages_nodejs
[ 14%] Built target dynamic_reconfigure_generate_messages_lisp
[ 14%] Built target geometry_msgs_generate_messages_eus
[ 14%] Built target dynamic_reconfigure_gencfg
[ 14%] Built target dynamic_reconfigure_generate_messages_py
[ 14%] Built target nodelet_generate_messages_cpp
[ 14%] Built target geometry_msgs_generate_messages_nodejs
[ 14%] Built target bond_generate_messages_py
[ 14%] Built target dynamic_reconfigure_generate_messages_eus
[35m[1mConsolidate compiler generated dependencies of target davis_ros_driver[0m
[35m[1mConsolidate compiler generated dependencies of target davis_ros_driver_nodelet[0m
[ 57%] Built target davis_ros_driver
[100%] Built target davis_ros_driver_nodelet
